

Processing ItemsController#index (for 127.0.0.1 at 2009-02-25 11:36:07) [GET]
  Session ID: 87ef1ae8d364423bd57f38a9656c7721
  Parameters: {"action"=>"index", "controller"=>"items"}
  [4;36;1mSQL (0.001000)[0m   [0;1mSET SQL_AUTO_IS_NULL=0[0m
  [4;35;1mItem Load (0.329000)[0m   [0mSELECT * FROM `items` [0m
Rendering template within layouts/items
Rendering items/index
Completed in 0.37300 (2 reqs/sec) | Rendering: 0.01100 (2%) | DB: 0.33000 (88%) | 200 OK [http://localhost/items]


Processing ItemsController#new (for 127.0.0.1 at 2009-02-25 11:36:09) [GET]
  Session ID: BAh7BiIKZmxhc2hJQzonQWN0aW9uQ29udHJvbGxlcjo6Rmxhc2g6OkZsYXNo%0ASGFzaHsABjoKQHVzZWR7AA%3D%3D--215a73b1d37bf364d643ac9b063d93f016a60de0
  Parameters: {"action"=>"new", "controller"=>"items"}
  [4;36;1mItem Columns (0.046000)[0m   [0;1mSHOW FIELDS FROM `items`[0m
Rendering template within layouts/items
Rendering items/new
Completed in 0.07800 (12 reqs/sec) | Rendering: 0.00900 (11%) | DB: 0.04600 (58%) | 200 OK [http://localhost/items/new]


Processing ItemsController#create (for 127.0.0.1 at 2009-02-25 11:36:12) [POST]
  Session ID: BAh7BzoMY3NyZl9pZCIlNGU3ZDVmZTUyZGM5M2Y2MjU4YjE4NjY3Njg3YmQz%0AODciCmZsYXNoSUM6J0FjdGlvbkNvbnRyb2xsZXI6OkZsYXNoOjpGbGFzaEhh%0Ac2h7AAY6CkB1c2VkewA%3D--9d27bd4255bc93f5f484648fc6a8d011ee840d9a
  Parameters: {"commit"=>"Create", "authenticity_token"=>"379dde3a63ddfd28d0e562ecb0b0a36f13ec5362", "action"=>"create", "controller"=>"items", "item"=>{"description"=>"vm"}}
  [4;35;1mItem Columns (0.004000)[0m   [0mSHOW FIELDS FROM `items`[0m
  [4;36;1mSQL (0.000000)[0m   [0;1mBEGIN[0m
  [4;35;1mItem Create (0.097000)[0m   [0mINSERT INTO `items` (`updated_at`, `description`, `created_at`) VALUES('2009-02-25 11:36:12', 'vm', '2009-02-25 11:36:12')[0m
  [4;36;1mSQL (0.074000)[0m   [0;1mCOMMIT[0m
Redirected to http://localhost:3000/items/1
Completed in 0.20100 (4 reqs/sec) | DB: 0.17500 (87%) | 302 Found [http://localhost/items]


Processing ItemsController#show (for 127.0.0.1 at 2009-02-25 11:36:12) [GET]
  Session ID: BAh7BzoMY3NyZl9pZCIlNGU3ZDVmZTUyZGM5M2Y2MjU4YjE4NjY3Njg3YmQz%0AODciCmZsYXNoSUM6J0FjdGlvbkNvbnRyb2xsZXI6OkZsYXNoOjpGbGFzaEhh%0Ac2h7BjoLbm90aWNlIiNJdGVtIHdhcyBzdWNjZXNzZnVsbHkgY3JlYXRlZC4G%0AOgpAdXNlZHsGOwdU--bcd15f00ffdce5192119b0fb9ed082dbb43f7bd4
  Parameters: {"action"=>"show", "id"=>"1", "controller"=>"items"}
  [4;35;1mItem Columns (0.005000)[0m   [0mSHOW FIELDS FROM `items`[0m
  [4;36;1mItem Load (0.089000)[0m   [0;1mSELECT * FROM `items` WHERE (`items`.`id` = 1) [0m
Rendering template within layouts/items
Rendering items/show
Completed in 0.12300 (8 reqs/sec) | Rendering: 0.01000 (8%) | DB: 0.09400 (76%) | 200 OK [http://localhost/items/1]


Processing ItemsController#index (for 127.0.0.1 at 2009-02-25 11:36:14) [GET]
  Session ID: BAh7BzoMY3NyZl9pZCIlNGU3ZDVmZTUyZGM5M2Y2MjU4YjE4NjY3Njg3YmQz%0AODciCmZsYXNoSUM6J0FjdGlvbkNvbnRyb2xsZXI6OkZsYXNoOjpGbGFzaEhh%0Ac2h7AAY6CkB1c2VkewA%3D--9d27bd4255bc93f5f484648fc6a8d011ee840d9a
  Parameters: {"action"=>"index", "controller"=>"items"}
  [4;35;1mItem Load (0.001000)[0m   [0mSELECT * FROM `items` [0m
Rendering template within layouts/items
Rendering items/index
  [4;36;1mItem Columns (0.006000)[0m   [0;1mSHOW FIELDS FROM `items`[0m
Completed in 0.10500 (9 reqs/sec) | Rendering: 0.08200 (78%) | DB: 0.00700 (6%) | 200 OK [http://localhost/items]
